<?xml version="1.0" encoding="UTF-8"?>
<testng-results ignored="0" total="1" passed="0" failed="1" skipped="0">
  <reporter-output>
  </reporter-output>
  <suite started-at="2025-03-22T18:59:57 IST" name="Default suite" finished-at="2025-03-22T19:00:22 IST" duration-ms="25466">
    <groups>
    </groups>
    <test started-at="2025-03-22T18:59:57 IST" name="Default test" finished-at="2025-03-22T19:00:22 IST" duration-ms="25466">
      <class name="test.UsersTest">
        <test-method is-config="true" signature="setup()[pri:0, instance:test.UsersTest@3c41ed1d]" started-at="2025-03-22T18:59:57 IST" name="setup" finished-at="2025-03-22T19:00:07 IST" duration-ms="10390" status="PASS">
          <reporter-output>
          </reporter-output>
        </test-method> <!-- setup -->
        <test-method signature="verifySavedUserDetailsInEditWindow()[pri:7, instance:test.UsersTest@3c41ed1d]" started-at="2025-03-22T19:00:07 IST" name="verifySavedUserDetailsInEditWindow" finished-at="2025-03-22T19:00:22 IST" duration-ms="14608" status="FAIL">
          <exception class="java.lang.AssertionError">
            <message>
              <![CDATA[The following asserts failed:
expected [atbs] but found [A B Traders],
expected [dasfd] but found [Plant],
expected [1234567890] but found [9948021022],
expected [abc@yomail.com] but found [Kolkota@plant.com],
expected [userss] but found [100013],
expected [Plant] but found [null],
expected [VCPL - Panthnagar] but found [null],
expected [None] but found [null],
expected [Testing role] but found [null]]]>
            </message>
            <full-stacktrace>
              <![CDATA[java.lang.AssertionError: The following asserts failed:
expected [atbs] but found [A B Traders],
expected [dasfd] but found [Plant],
expected [1234567890] but found [9948021022],
expected [abc@yomail.com] but found [Kolkota@plant.com],
expected [userss] but found [100013],
expected [Plant] but found [null],
expected [VCPL - Panthnagar] but found [null],
expected [None] but found [null],
expected [Testing role] but found [null]
at org.testng.asserts.SoftAssert.assertAll(SoftAssert.java:46)
at org.testng.asserts.SoftAssert.assertAll(SoftAssert.java:30)
at test.UsersTest.verifySavedUserDetailsInEditWindow(UsersTest.java:209)
at java.base/jdk.internal.reflect.DirectMethodHandleAccessor.invoke(DirectMethodHandleAccessor.java:103)
at java.base/java.lang.reflect.Method.invoke(Method.java:580)
at org.testng.internal.invokers.MethodInvocationHelper.invokeMethod(MethodInvocationHelper.java:141)
at org.testng.internal.invokers.TestInvoker.invokeMethod(TestInvoker.java:686)
at org.testng.internal.invokers.TestInvoker.invokeTestMethod(TestInvoker.java:230)
at org.testng.internal.invokers.MethodRunner.runInSequence(MethodRunner.java:63)
at org.testng.internal.invokers.TestInvoker$MethodInvocationAgent.invoke(TestInvoker.java:992)
at org.testng.internal.invokers.TestInvoker.invokeTestMethods(TestInvoker.java:203)
at org.testng.internal.invokers.TestMethodWorker.invokeTestMethods(TestMethodWorker.java:154)
at org.testng.internal.invokers.TestMethodWorker.run(TestMethodWorker.java:134)
at java.base/java.util.ArrayList.forEach(ArrayList.java:1596)
at org.testng.TestRunner.privateRun(TestRunner.java:739)
at org.testng.TestRunner.run(TestRunner.java:614)
at org.testng.SuiteRunner.runTest(SuiteRunner.java:421)
at org.testng.SuiteRunner.runSequentially(SuiteRunner.java:413)
at org.testng.SuiteRunner.privateRun(SuiteRunner.java:373)
at org.testng.SuiteRunner.run(SuiteRunner.java:312)
at org.testng.SuiteRunnerWorker.runSuite(SuiteRunnerWorker.java:52)
at org.testng.SuiteRunnerWorker.run(SuiteRunnerWorker.java:95)
at org.testng.TestNG.runSuitesSequentially(TestNG.java:1274)
at org.testng.TestNG.runSuitesLocally(TestNG.java:1208)
at org.testng.TestNG.runSuites(TestNG.java:1112)
at org.testng.TestNG.run(TestNG.java:1079)
at org.testng.remote.AbstractRemoteTestNG.run(AbstractRemoteTestNG.java:115)
at org.testng.remote.RemoteTestNG.initAndRun(RemoteTestNG.java:293)
at org.testng.remote.RemoteTestNG.main(RemoteTestNG.java:91)
]]>
            </full-stacktrace>
          </exception> <!-- java.lang.AssertionError -->
          <reporter-output>
          </reporter-output>
        </test-method> <!-- verifySavedUserDetailsInEditWindow -->
        <test-method is-config="true" signature="tearDown()[pri:0, instance:test.UsersTest@3c41ed1d]" started-at="2025-03-22T19:00:22 IST" name="tearDown" finished-at="2025-03-22T19:00:22 IST" duration-ms="378" status="PASS">
          <reporter-output>
          </reporter-output>
        </test-method> <!-- tearDown -->
      </class> <!-- test.UsersTest -->
    </test> <!-- Default test -->
  </suite> <!-- Default suite -->
</testng-results>
