<?xml version="1.0" encoding="UTF-8"?>
<!-- Generated by org.testng.reporters.JUnitXMLReporter -->
<testsuite ignored="25" hostname="DSR" failures="2" tests="11" name="Test" time="243.377" errors="0" timestamp="2025-03-23T11:40:13 IST">
  <testcase classname="test.UsersTest" name="@BeforeMethod setup" time="31.753">
    <failure type="java.lang.AssertionError" message="expected [https://vguard-bt-stg.esealcom.com/eSeal - Users] but found [https://vguard-bt-stg.esealcom.com/admin/authorization/users]">
      <![CDATA[java.lang.AssertionError: expected [https://vguard-bt-stg.esealcom.com/eSeal - Users] but found [https://vguard-bt-stg.esealcom.com/admin/authorization/users]
at test.UsersTest.setup(UsersTest.java:41)
at java.base/java.util.ArrayList.forEach(ArrayList.java:1596)
... Removed 35 stack frames]]>
    </failure>
  </testcase> <!-- @BeforeMethod setup -->
  <testcase classname="test.UsersTest" name="@BeforeMethod setup" time="29.532">
    <failure type="java.lang.AssertionError" message="expected [https://vguard-bt-stg.esealcom.com/eSeal - Users] but found [https://vguard-bt-stg.esealcom.com/admin/authorization/users]">
      <![CDATA[java.lang.AssertionError: expected [https://vguard-bt-stg.esealcom.com/eSeal - Users] but found [https://vguard-bt-stg.esealcom.com/admin/authorization/users]
at test.UsersTest.setup(UsersTest.java:41)
at java.base/java.util.ArrayList.forEach(ArrayList.java:1596)
... Removed 35 stack frames]]>
    </failure>
  </testcase> <!-- @BeforeMethod setup -->
  <testcase classname="test.LoginTest" name="verifyLoginPageTitleAndUrl" time="0.018"/>
  <testcase classname="test.LoginTest" name="verifyFieldAndCheckboxLabels" time="0.141"/>
  <testcase classname="test.LoginTest" name="verifyLoginUsingValidCredentials" time="1.168"/>
  <testcase classname="test.LoginTest" name="verifyLoginWithUppercaseInsensitiveEmail" time="0.909"/>
  <testcase classname="test.LoginTest" name="verifyLoginWithLowercaseInsensitiveEmail" time="0.838"/>
  <testcase classname="test.LogoutTest" name="verifyLogoutFromLogoutOptionUnderProfile" time="1.092"/>
  <testcase classname="test.LogoutTest" name="verifyReLoginImmediatelyAfterLogout" time="1.098">
    <failure type="java.lang.AssertionError" message="expected [null] but found [https://vguard-bt-stg.esealcom.com/login]">
      <![CDATA[java.lang.AssertionError: expected [null] but found [https://vguard-bt-stg.esealcom.com/login]
at test.LogoutTest.verifyReLoginImmediatelyAfterLogout(LogoutTest.java:54)
at java.base/java.util.ArrayList.forEach(ArrayList.java:1596)
... Removed 31 stack frames]]>
    </failure>
  </testcase> <!-- verifyReLoginImmediatelyAfterLogout -->
  <testcase classname="test.TransactionsTest" name="verifyNavigationToUsersModule" time="0.632"/>
  <testcase classname="test.TransactionsTest" name="verifyAddTransactionWithValidData" time="2.436">
    <failure type="java.lang.AssertionError" message="expected [Successfully submitted!] but found [Feature Code already exists]">
      <![CDATA[java.lang.AssertionError: expected [Successfully submitted!] but found [Feature Code already exists]
at test.TransactionsTest.verifyAddTransactionWithValidData(TransactionsTest.java:69)
at java.base/java.util.ArrayList.forEach(ArrayList.java:1596)
... Removed 31 stack frames]]>
    </failure>
  </testcase> <!-- verifyAddTransactionWithValidData -->
  <testcase classname="test.UsersTest" name="verifyNavigationToUsersModule" time="0.0">
    <skipped/>
  </testcase> <!-- verifyNavigationToUsersModule -->
  <testcase classname="test.UsersTest" name="verifyAddUserWithValidDetails" time="0.0">
    <skipped/>
  </testcase> <!-- verifyAddUserWithValidDetails -->
  <testcase classname="test.LoginTest" name="verifyLoginWithEmailOnly" time="0.0">
    <ignored/>
  </testcase> <!-- verifyLoginWithEmailOnly -->
  <testcase classname="test.LogoutTest" name="verifyLogoutAndForwardNavigation" time="0.0">
    <ignored/>
  </testcase> <!-- verifyLogoutAndForwardNavigation -->
  <testcase classname="test.UsersTest" name="verifySavedUserDetailsInEditWindow" time="0.0">
    <ignored/>
  </testcase> <!-- verifySavedUserDetailsInEditWindow -->
  <testcase classname="test.LoginTest" name="verifyLoginWithBlankCredentials" time="0.0">
    <ignored/>
  </testcase> <!-- verifyLoginWithBlankCredentials -->
  <testcase classname="test.UsersTest" name="verifyAddUserUsingLeadingAndTrailingSpaces" time="0.0">
    <ignored/>
  </testcase> <!-- verifyAddUserUsingLeadingAndTrailingSpaces -->
  <testcase classname="test.TransactionsTest" name="verifyDeleteUser" time="0.0">
    <ignored/>
  </testcase> <!-- verifyDeleteUser -->
  <testcase classname="test.LoginTest" name="verifyLoginUsingInvalidCredentials" time="0.0">
    <ignored/>
  </testcase> <!-- verifyLoginUsingInvalidCredentials -->
  <testcase classname="test.LogoutTest" name="verifyAutoLogoutAfterSessionTimeout" time="0.0">
    <ignored/>
  </testcase> <!-- verifyAutoLogoutAfterSessionTimeout -->
  <testcase classname="test.UsersTest" name="verifyMandatoryFieldValidationForUpdatePassword" time="0.0">
    <ignored/>
  </testcase> <!-- verifyMandatoryFieldValidationForUpdatePassword -->
  <testcase classname="test.UsersTest" name="verifyMandatoryFieldValidationForAddUser" time="0.0">
    <ignored/>
  </testcase> <!-- verifyMandatoryFieldValidationForAddUser -->
  <testcase classname="test.LogoutTest" name="verifyLogoutAndBackNavigation" time="0.0">
    <ignored/>
  </testcase> <!-- verifyLogoutAndBackNavigation -->
  <testcase classname="test.TransactionsTest" name="verifyAddUserUsingLeadingAndTrailingSpaces" time="0.0">
    <ignored/>
  </testcase> <!-- verifyAddUserUsingLeadingAndTrailingSpaces -->
  <testcase classname="test.UsersTest" name="verifyDeleteUser" time="0.0">
    <ignored/>
  </testcase> <!-- verifyDeleteUser -->
  <testcase classname="test.UsersTest" name="verifyAddUserWithDuplicateUserName" time="0.0">
    <ignored/>
  </testcase> <!-- verifyAddUserWithDuplicateUserName -->
  <testcase classname="test.TransactionsTest" name="verifyMandatoryFieldValidationForAddUser" time="0.0">
    <ignored/>
  </testcase> <!-- verifyMandatoryFieldValidationForAddUser -->
  <testcase classname="test.TransactionsTest" name="verifyAddUserWithDuplicateFeatureCode" time="0.0">
    <ignored/>
  </testcase> <!-- verifyAddUserWithDuplicateFeatureCode -->
  <testcase classname="test.TransactionsTest" name="verifyUserInUsersModuleGridWithPagination" time="0.0">
    <ignored/>
  </testcase> <!-- verifyUserInUsersModuleGridWithPagination -->
  <testcase classname="test.LoginTest" name="verifyLoginWithPasswordOnly" time="0.0">
    <ignored/>
  </testcase> <!-- verifyLoginWithPasswordOnly -->
  <testcase classname="test.TransactionsTest" name="verifySavedTransactionDetailsInEditWindow" time="0.0">
    <ignored/>
  </testcase> <!-- verifySavedTransactionDetailsInEditWindow -->
  <testcase classname="test.LoginTest" name="verifyLoginWithInvalidEmailAndValidPassword" time="0.0">
    <ignored/>
  </testcase> <!-- verifyLoginWithInvalidEmailAndValidPassword -->
  <testcase classname="test.LoginTest" name="verifyLoginWithValidEmailAndInvalidPassword" time="0.0">
    <ignored/>
  </testcase> <!-- verifyLoginWithValidEmailAndInvalidPassword -->
  <testcase classname="test.UsersTest" name="verifyUserInUsersModuleGridWithPagination" time="0.0">
    <ignored/>
  </testcase> <!-- verifyUserInUsersModuleGridWithPagination -->
  <testcase classname="test.LoginTest" name="verifyLoginWithShortPassword" time="0.0">
    <ignored/>
  </testcase> <!-- verifyLoginWithShortPassword -->
  <testcase classname="test.TransactionsTest" name="verifyAddUserWithDuplicateTransactionName" time="0.0">
    <ignored/>
  </testcase> <!-- verifyAddUserWithDuplicateTransactionName -->
  <testcase classname="test.UsersTest" name="verifySearchUser" time="0.0">
    <ignored/>
  </testcase> <!-- verifySearchUser -->
</testsuite> <!-- Test -->
